2026-06-07 06:09:47,641 [ERROR] checkpoint failed for ssl: SQLite objects created in a thread can only be used in that same thread. The object was created in thread id 139792828064576 and this is thread id 139792762263232.
2026-06-07 06:09:47,645 [ERROR] checkpoint failed for dns: SQLite objects created in a thread can only be used in that same thread. The object was created in thread id 139792828064576 and this is thread id 139792762263232.
2026-06-07 06:09:47,645 [ERROR] checkpoint failed for whois: SQLite objects created in a thread can only be used in that same thread. The object was created in thread id 139792828064576 and this is thread id 139792762263232.
2026-06-07 06:09:47,666 [ERROR] checkpoint failed for fingerprint: SQLite objects created in a thread can only be used in that same thread. The object was created in thread id 139792828064576 and this is thread id 139792779048640.
2026-06-07 06:09:47,669 [ERROR] checkpoint failed for endpoints: SQLite objects created in a thread can only be used in that same thread. The object was created in thread id 139792828064576 and this is thread id 139792753870528.
2026-06-07 06:09:47,671 [ERROR] checkpoint failed for dorks: SQLite objects created in a thread can only be used in that same thread. The object was created in thread id 139792828064576 and this is thread id 139792753870528.
2026-06-07 06:09:47,673 [ERROR] checkpoint failed for headers: SQLite objects created in a thread can only be used in that same thread. The object was created in thread id 139792828064576 and this is thread id 139792770655936.
2026-06-07 06:09:47,759 [ERROR] checkpoint failed for js: SQLite objects created in a thread can only be used in that same thread. The object was created in thread id 139792828064576 and this is thread id 139792779048640.
2026-06-07 06:09:48,636 [ERROR] checkpoint failed for surface: SQLite objects created in a thread can only be used in that same thread. The object was created in thread id 139792828064576 and this is thread id 139792762263232.
2026-06-07 06:13:12,159 [ERROR] checkpoint failed for ssl: SQLite objects created in a thread can only be used in that same thread. The object was created in thread id 139880182117184 and this is thread id 139880125294272.
2026-06-07 06:13:12,161 [ERROR] checkpoint failed for dns: SQLite objects created in a thread can only be used in that same thread. The object was created in thread id 139880182117184 and this is thread id 139880125294272.
2026-06-07 06:13:12,162 [ERROR] checkpoint failed for whois: SQLite objects created in a thread can only be used in that same thread. The object was created in thread id 139880182117184 and this is thread id 139880125294272.
2026-06-07 06:13:12,172 [ERROR] checkpoint failed for fingerprint: SQLite objects created in a thread can only be used in that same thread. The object was created in thread id 139880182117184 and this is thread id 139880142079680.
2026-06-07 06:13:12,184 [ERROR] checkpoint failed for headers: SQLite objects created in a thread can only be used in that same thread. The object was created in thread id 139880182117184 and this is thread id 139880133686976.
2026-06-07 06:13:12,187 [ERROR] checkpoint failed for dorks: SQLite objects created in a thread can only be used in that same thread. The object was created in thread id 139880182117184 and this is thread id 139880133686976.
2026-06-07 06:13:12,187 [ERROR] checkpoint failed for endpoints: SQLite objects created in a thread can only be used in that same thread. The object was created in thread id 139880182117184 and this is thread id 139880116901568.
2026-06-07 06:13:12,262 [ERROR] checkpoint failed for js: SQLite objects created in a thread can only be used in that same thread. The object was created in thread id 139880182117184 and this is thread id 139880142079680.
2026-06-07 06:13:13,153 [ERROR] checkpoint failed for surface: SQLite objects created in a thread can only be used in that same thread. The object was created in thread id 139880182117184 and this is thread id 139880125294272.
2026-06-07 06:29:42,770 [ERROR] checkpoint failed for ssl: SQLite objects created in a thread can only be used in that same thread. The object was created in thread id 139744606663488 and this is thread id 139744470099648.
2026-06-07 06:29:42,773 [ERROR] checkpoint failed for dns: SQLite objects created in a thread can only be used in that same thread. The object was created in thread id 139744606663488 and this is thread id 139744470099648.
2026-06-07 06:29:42,773 [ERROR] checkpoint failed for whois: SQLite objects created in a thread can only be used in that same thread. The object was created in thread id 139744606663488 and this is thread id 139744470099648.
2026-06-07 06:29:42,782 [ERROR] checkpoint failed for fingerprint: SQLite objects created in a thread can only be used in that same thread. The object was created in thread id 139744606663488 and this is thread id 139744558184128.
2026-06-07 06:29:42,785 [ERROR] checkpoint failed for headers: SQLite objects created in a thread can only be used in that same thread. The object was created in thread id 139744606663488 and this is thread id 139744478492352.
2026-06-07 06:29:42,787 [ERROR] checkpoint failed for dorks: SQLite objects created in a thread can only be used in that same thread. The object was created in thread id 139744606663488 and this is thread id 139744478492352.
2026-06-07 06:29:42,788 [ERROR] checkpoint failed for endpoints: SQLite objects created in a thread can only be used in that same thread. The object was created in thread id 139744606663488 and this is thread id 139744461706944.
2026-06-07 06:29:42,877 [ERROR] checkpoint failed for js: SQLite objects created in a thread can only be used in that same thread. The object was created in thread id 139744606663488 and this is thread id 139744558184128.
2026-06-07 06:29:43,762 [ERROR] checkpoint failed for surface: SQLite objects created in a thread can only be used in that same thread. The object was created in thread id 139744606663488 and this is thread id 139744470099648.
2026-06-07 06:29:45,193 [ERROR] checkpoint failed for symfony: SQLite objects created in a thread can only be used in that same thread. The object was created in thread id 139744606663488 and this is thread id 139744478492352.
2026-06-07 06:32:08,888 [ERROR] checkpoint failed for ssl: SQLite objects created in a thread can only be used in that same thread. The object was created in thread id 140038780146496 and this is thread id 140038714152640.
2026-06-07 06:32:08,891 [ERROR] checkpoint failed for dns: SQLite objects created in a thread can only be used in that same thread. The object was created in thread id 140038780146496 and this is thread id 140038714152640.
2026-06-07 06:32:08,892 [ERROR] checkpoint failed for whois: SQLite objects created in a thread can only be used in that same thread. The object was created in thread id 140038780146496 and this is thread id 140038714152640.
2026-06-07 06:32:08,897 [ERROR] checkpoint failed for headers: SQLite objects created in a thread can only be used in that same thread. The object was created in thread id 140038780146496 and this is thread id 140038722545344.
2026-06-07 06:32:08,906 [ERROR] checkpoint failed for fingerprint: SQLite objects created in a thread can only be used in that same thread. The object was created in thread id 140038780146496 and this is thread id 140038730938048.
2026-06-07 06:32:08,908 [ERROR] checkpoint failed for dorks: SQLite objects created in a thread can only be used in that same thread. The object was created in thread id 140038780146496 and this is thread id 140038730938048.
2026-06-07 06:32:08,911 [ERROR] checkpoint failed for endpoints: SQLite objects created in a thread can only be used in that same thread. The object was created in thread id 140038780146496 and this is thread id 140038705759936.
2026-06-07 06:32:08,987 [ERROR] checkpoint failed for js: SQLite objects created in a thread can only be used in that same thread. The object was created in thread id 140038780146496 and this is thread id 140038722545344.
2026-06-07 06:32:09,874 [ERROR] checkpoint failed for surface: SQLite objects created in a thread can only be used in that same thread. The object was created in thread id 140038780146496 and this is thread id 140038714152640.
2026-06-07 06:32:11,307 [ERROR] checkpoint failed for symfony: SQLite objects created in a thread can only be used in that same thread. The object was created in thread id 140038780146496 and this is thread id 140038730938048.
